activating the configuration...
setting up /etc...
reloading user units for overlord...
setting up tmpfiles
restarting the following units: home-manager-overlord.service
nr7l5j-home-manager-path.drv
  /nix/store/22f783hybrnwcajwrn84skw213lfsx9f-user-environment.drv
  /nix/store/d7zc1cmvz5p2k0vpk7gyc87jqlmm8234-hm_fontconfigconf.d10hmfonts.conf.drv
  /nix/store/5bj029hm04csw59gy0ih3zbmg9a94i00-home-manager-files.drv
  /nix/store/v2763n1mhvky097z5pjda0shk3nzzy4m-home-manager-generation.drv
  /nix/store/k9ym3c4vp64lk5408faz5ylhsw4m5ab1-unit-home-manager-overlord.service.drv
  /nix/store/rdmx1n97knjvgkkga8cfa12xbbyzsyc2-system-units.drv
  /nix/store/8kdys6wbxbachmg69jf06jqdfm2hjqbb-etc.drv
  /nix/store/9hdcb9xbgmkf8zkmhjz9a5k9jb13l3q2-nixos-system-typewriter-23.11.20240301.79baff8.drv
this path will be fetched (3.74 MiB download, 12.86 MiB unpacked):
  /nix/store/qbx46m96ys5gjqq4dswkj4hks5snbwnq-arduino-language-server-0.7.5
copying path '/nix/store/qbx46m96ys5gjqq4dswkj4hks5snbwnq-arduino-language-server-0.7.5' from 'https://cache.nixos.org'...
building '/nix/store/g52dlwsnnhda0lvf8ni44d1g3ayavkqv-neovim-0.9.4.drv'...
building '/nix/store/1dxab2c8ga582xgciqgw15fdimnr7l5j-home-manager-path.drv'...
building '/nix/store/d7zc1cmvz5p2k0vpk7gyc87jqlmm8234-hm_fontconfigconf.d10hmfonts.conf.drv'...
building '/nix/store/22f783hybrnwcajwrn84skw213lfsx9f-user-environment.drv'...
building '/nix/store/5bj029hm04csw59gy0ih3zbmg9a94i00-home-manager-files.drv'...
building '/nix/store/v2763n1mhvky097z5pjda0shk3nzzy4m-home-manager-generation.drv'...
building '/nix/store/k9ym3c4vp64lk5408faz5ylhsw4m5ab1-unit-home-manager-overlord.service.drv'...
building '/nix/store/rdmx1n97knjvgkkga8cfa12xbbyzsyc2-system-units.drv'...
building '/nix/store/8kdys6wbxbachmg69jf06jqdfm2hjqbb-etc.drv'...
building '/nix/store/9hdcb9xbgmkf8zkmhjz9a5k9jb13l3q2-nixos-system-typewriter-23.11.20240301.79baff8.drv'...
